<?xml version="1.0" encoding="UTF-8"?>
<coverage generated="1673986360648" clover="3.2.0">
  <project timestamp="1673986360648" name="All files">
    <metrics statements="3" coveredstatements="2" conditionals="4" coveredconditionals="1" methods="2" coveredmethods="1" elements="9" coveredelements="4" complexity="0" loc="3" ncloc="3" packages="1" files="1" classes="1"/>
    <file name="index.tsx" path="C:\gh\replyright-aio\src\message\index.tsx">
      <metrics statements="3" coveredstatements="2" conditionals="4" coveredconditionals="1" methods="2" coveredmethods="1"/>
      <line num="19" count="1" type="stmt"/>
      <line num="29" count="1" type="cond" truecount="1" falsecount="1"/>
      <line num="32" count="0" type="stmt"/>
    </file>
  </project>
</coverage>
