{"C:\\gh\\replyright-aio\\src\\message\\index.ts": {"path":"C:\\gh\\replyright-aio\\src\\message\\index.ts","statementMap":{"0":{"start":{"line":11,"column":4},"end":{"line":20,"column":6}},"1":{"start":{"line":21,"column":4},"end":{"line":21,"column":66}},"2":{"start":{"line":22,"column":4},"end":{"line":22,"column":55}},"3":{"start":{"line":23,"column":4},"end":{"line":23,"column":58}},"4":{"start":{"line":23,"column":38},"end":{"line":23,"column":58}},"5":{"start":{"line":26,"column":4},"end":{"line":27,"column":109}},"6":{"start":{"line":30,"column":4},"end":{"line":30,"column":93}},"7":{"start":{"line":33,"column":27},"end":{"line":33,"column":31}},"8":{"start":{"line":34,"column":4},"end":{"line":37,"column":5}},"9":{"start":{"line":35,"column":6},"end":{"line":35,"column":120}},"10":{"start":{"line":36,"column":6},"end":{"line":36,"column":13}},"11":{"start":{"line":39,"column":24},"end":{"line":39,"column":53}},"12":{"start":{"line":40,"column":4},"end":{"line":43,"column":5}},"13":{"start":{"line":41,"column":6},"end":{"line":41,"column":94}},"14":{"start":{"line":42,"column":6},"end":{"line":42,"column":13}},"15":{"start":{"line":45,"column":16},"end":{"line":45,"column":62}},"16":{"start":{"line":46,"column":4},"end":{"line":62,"column":5}},"17":{"start":{"line":47,"column":6},"end":{"line":61,"column":7}},"18":{"start":{"line":49,"column":10},"end":{"line":49,"column":65}},"19":{"start":{"line":50,"column":10},"end":{"line":50,"column":16}},"20":{"start":{"line":52,"column":22},"end":{"line":52,"column":95}},"21":{"start":{"line":53,"column":10},"end":{"line":53,"column":67}},"22":{"start":{"line":54,"column":10},"end":{"line":54,"column":16}},"23":{"start":{"line":56,"column":10},"end":{"line":60,"column":113}},"24":{"start":{"line":63,"column":4},"end":{"line":63,"column":29}},"25":{"start":{"line":66,"column":4},"end":{"line":74,"column":21}},"26":{"start":{"line":67,"column":21},"end":{"line":67,"column":29}},"27":{"start":{"line":68,"column":20},"end":{"line":68,"column":22}},"28":{"start":{"line":70,"column":6},"end":{"line":72,"column":7}},"29":{"start":{"line":71,"column":8},"end":{"line":71,"column":35}},"30":{"start":{"line":73,"column":6},"end":{"line":73,"column":21}},"31":{"start":{"line":74,"column":11},"end":{"line":74,"column":21}},"32":{"start":{"line":78,"column":4},"end":{"line":94,"column":5}},"33":{"start":{"line":79,"column":6},"end":{"line":79,"column":67}},"34":{"start":{"line":80,"column":6},"end":{"line":80,"column":62}},"35":{"start":{"line":81,"column":6},"end":{"line":81,"column":86}},"36":{"start":{"line":83,"column":6},"end":{"line":83,"column":104}},"37":{"start":{"line":83,"column":73},"end":{"line":83,"column":102}},"38":{"start":{"line":84,"column":6},"end":{"line":84,"column":104}},"39":{"start":{"line":84,"column":73},"end":{"line":84,"column":102}},"40":{"start":{"line":85,"column":6},"end":{"line":85,"column":106}},"41":{"start":{"line":85,"column":75},"end":{"line":85,"column":104}},"42":{"start":{"line":86,"column":6},"end":{"line":86,"column":26}},"43":{"start":{"line":88,"column":6},"end":{"line":88,"column":38}},"44":{"start":{"line":89,"column":6},"end":{"line":93,"column":7}},"45":{"start":{"line":90,"column":8},"end":{"line":90,"column":48}},"46":{"start":{"line":92,"column":8},"end":{"line":92,"column":49}}},"fnMap":{"0":{"name":"(anonymous_0)","decl":{"start":{"line":10,"column":2},"end":{"line":10,"column":3}},"loc":{"start":{"line":10,"column":46},"end":{"line":24,"column":3}},"line":10},"1":{"name":"(anonymous_1)","decl":{"start":{"line":25,"column":2},"end":{"line":25,"column":3}},"loc":{"start":{"line":25,"column":17},"end":{"line":28,"column":3}},"line":25},"2":{"name":"(anonymous_2)","decl":{"start":{"line":29,"column":2},"end":{"line":29,"column":3}},"loc":{"start":{"line":29,"column":87},"end":{"line":31,"column":3}},"line":29},"3":{"name":"(anonymous_3)","decl":{"start":{"line":32,"column":2},"end":{"line":32,"column":3}},"loc":{"start":{"line":32,"column":40},"end":{"line":64,"column":3}},"line":32},"4":{"name":"(anonymous_4)","decl":{"start":{"line":65,"column":2},"end":{"line":65,"column":3}},"loc":{"start":{"line":65,"column":44},"end":{"line":75,"column":3}},"line":65},"5":{"name":"(anonymous_5)","decl":{"start":{"line":77,"column":2},"end":{"line":77,"column":3}},"loc":{"start":{"line":77,"column":56},"end":{"line":95,"column":3}},"line":77},"6":{"name":"(anonymous_6)","decl":{"start":{"line":83,"column":66},"end":{"line":83,"column":67}},"loc":{"start":{"line":83,"column":73},"end":{"line":83,"column":102}},"line":83},"7":{"name":"(anonymous_7)","decl":{"start":{"line":84,"column":66},"end":{"line":84,"column":67}},"loc":{"start":{"line":84,"column":73},"end":{"line":84,"column":102}},"line":84},"8":{"name":"(anonymous_8)","decl":{"start":{"line":85,"column":68},"end":{"line":85,"column":69}},"loc":{"start":{"line":85,"column":75},"end":{"line":85,"column":104}},"line":85}},"branchMap":{"0":{"loc":{"start":{"line":23,"column":4},"end":{"line":23,"column":58}},"type":"if","locations":[{"start":{"line":23,"column":4},"end":{"line":23,"column":58}},{"start":{},"end":{}}],"line":23},"1":{"loc":{"start":{"line":27,"column":6},"end":{"line":27,"column":108}},"type":"cond-expr","locations":[{"start":{"line":27,"column":41},"end":{"line":27,"column":100}},{"start":{"line":27,"column":103},"end":{"line":27,"column":108}}],"line":27},"2":{"loc":{"start":{"line":34,"column":4},"end":{"line":37,"column":5}},"type":"if","locations":[{"start":{"line":34,"column":4},"end":{"line":37,"column":5}},{"start":{},"end":{}}],"line":34},"3":{"loc":{"start":{"line":40,"column":4},"end":{"line":43,"column":5}},"type":"if","locations":[{"start":{"line":40,"column":4},"end":{"line":43,"column":5}},{"start":{},"end":{}}],"line":40},"4":{"loc":{"start":{"line":46,"column":4},"end":{"line":62,"column":5}},"type":"if","locations":[{"start":{"line":46,"column":4},"end":{"line":62,"column":5}},{"start":{},"end":{}}],"line":46},"5":{"loc":{"start":{"line":47,"column":6},"end":{"line":61,"column":7}},"type":"switch","locations":[{"start":{"line":48,"column":8},"end":{"line":50,"column":16}},{"start":{"line":51,"column":8},"end":{"line":54,"column":16}},{"start":{"line":55,"column":8},"end":{"line":60,"column":113}}],"line":47},"6":{"loc":{"start":{"line":66,"column":4},"end":{"line":74,"column":21}},"type":"if","locations":[{"start":{"line":66,"column":4},"end":{"line":74,"column":21}},{"start":{"line":74,"column":11},"end":{"line":74,"column":21}}],"line":66},"7":{"loc":{"start":{"line":89,"column":6},"end":{"line":93,"column":7}},"type":"if","locations":[{"start":{"line":89,"column":6},"end":{"line":93,"column":7}},{"start":{"line":91,"column":13},"end":{"line":93,"column":7}}],"line":89}},"s":{"0":1,"1":1,"2":1,"3":1,"4":0,"5":0,"6":0,"7":1,"8":1,"9":0,"10":0,"11":1,"12":1,"13":0,"14":0,"15":1,"16":1,"17":1,"18":0,"19":0,"20":1,"21":1,"22":1,"23":0,"24":1,"25":0,"26":0,"27":0,"28":0,"29":0,"30":0,"31":0,"32":0,"33":0,"34":0,"35":0,"36":0,"37":0,"38":0,"39":0,"40":0,"41":0,"42":0,"43":0,"44":0,"45":0,"46":0},"f":{"0":1,"1":0,"2":0,"3":1,"4":0,"5":0,"6":0,"7":0,"8":0},"b":{"0":[0,1],"1":[0,0],"2":[0,1],"3":[0,1],"4":[1,0],"5":[0,1,0],"6":[0,0],"7":[0,0]},"_coverageSchema":"1a1c01bbd47fc00a2c39e90264f33305004495a9","hash":"0eb072d883c59440f8c113f5e478349644502ddb"}
,"C:\\gh\\replyright-aio\\src\\message\\itemUtils.ts": {"path":"C:\\gh\\replyright-aio\\src\\message\\itemUtils.ts","statementMap":{"0":{"start":{"line":6,"column":31},"end":{"line":15,"column":4}},"1":{"start":{"line":7,"column":2},"end":{"line":15,"column":4}},"2":{"start":{"line":8,"column":4},"end":{"line":14,"column":7}},"3":{"start":{"line":9,"column":6},"end":{"line":13,"column":7}},"4":{"start":{"line":10,"column":8},"end":{"line":10,"column":31}},"5":{"start":{"line":12,"column":8},"end":{"line":12,"column":30}},"6":{"start":{"line":17,"column":32},"end":{"line":26,"column":4}},"7":{"start":{"line":18,"column":2},"end":{"line":26,"column":4}},"8":{"start":{"line":19,"column":4},"end":{"line":25,"column":7}},"9":{"start":{"line":20,"column":6},"end":{"line":24,"column":7}},"10":{"start":{"line":21,"column":8},"end":{"line":21,"column":28}},"11":{"start":{"line":23,"column":8},"end":{"line":23,"column":27}},"12":{"start":{"line":27,"column":34},"end":{"line":36,"column":4}},"13":{"start":{"line":28,"column":2},"end":{"line":36,"column":4}},"14":{"start":{"line":29,"column":4},"end":{"line":35,"column":7}},"15":{"start":{"line":30,"column":6},"end":{"line":34,"column":7}},"16":{"start":{"line":31,"column":8},"end":{"line":31,"column":36}},"17":{"start":{"line":33,"column":8},"end":{"line":33,"column":35}},"18":{"start":{"line":37,"column":28},"end":{"line":46,"column":4}},"19":{"start":{"line":38,"column":2},"end":{"line":46,"column":4}},"20":{"start":{"line":39,"column":4},"end":{"line":45,"column":7}},"21":{"start":{"line":40,"column":6},"end":{"line":44,"column":7}},"22":{"start":{"line":41,"column":8},"end":{"line":41,"column":28}},"23":{"start":{"line":43,"column":8},"end":{"line":43,"column":27}}},"fnMap":{"0":{"name":"(anonymous_0)","decl":{"start":{"line":6,"column":31},"end":{"line":6,"column":32}},"loc":{"start":{"line":7,"column":2},"end":{"line":15,"column":4}},"line":7},"1":{"name":"(anonymous_1)","decl":{"start":{"line":7,"column":22},"end":{"line":7,"column":23}},"loc":{"start":{"line":7,"column":43},"end":{"line":15,"column":3}},"line":7},"2":{"name":"(anonymous_2)","decl":{"start":{"line":8,"column":21},"end":{"line":8,"column":22}},"loc":{"start":{"line":8,"column":34},"end":{"line":14,"column":5}},"line":8},"3":{"name":"(anonymous_3)","decl":{"start":{"line":17,"column":32},"end":{"line":17,"column":33}},"loc":{"start":{"line":18,"column":2},"end":{"line":26,"column":4}},"line":18},"4":{"name":"(anonymous_4)","decl":{"start":{"line":18,"column":22},"end":{"line":18,"column":23}},"loc":{"start":{"line":18,"column":43},"end":{"line":26,"column":3}},"line":18},"5":{"name":"(anonymous_5)","decl":{"start":{"line":19,"column":26},"end":{"line":19,"column":27}},"loc":{"start":{"line":19,"column":36},"end":{"line":25,"column":5}},"line":19},"6":{"name":"(anonymous_6)","decl":{"start":{"line":27,"column":34},"end":{"line":27,"column":35}},"loc":{"start":{"line":28,"column":2},"end":{"line":36,"column":4}},"line":28},"7":{"name":"(anonymous_7)","decl":{"start":{"line":28,"column":44},"end":{"line":28,"column":45}},"loc":{"start":{"line":28,"column":65},"end":{"line":36,"column":3}},"line":28},"8":{"name":"(anonymous_8)","decl":{"start":{"line":29,"column":24},"end":{"line":29,"column":25}},"loc":{"start":{"line":29,"column":42},"end":{"line":35,"column":5}},"line":29},"9":{"name":"(anonymous_9)","decl":{"start":{"line":37,"column":28},"end":{"line":37,"column":29}},"loc":{"start":{"line":38,"column":2},"end":{"line":46,"column":4}},"line":38},"10":{"name":"(anonymous_10)","decl":{"start":{"line":38,"column":42},"end":{"line":38,"column":43}},"loc":{"start":{"line":38,"column":63},"end":{"line":46,"column":3}},"line":38},"11":{"name":"(anonymous_11)","decl":{"start":{"line":39,"column":18},"end":{"line":39,"column":19}},"loc":{"start":{"line":39,"column":28},"end":{"line":45,"column":5}},"line":39}},"branchMap":{"0":{"loc":{"start":{"line":9,"column":6},"end":{"line":13,"column":7}},"type":"if","locations":[{"start":{"line":9,"column":6},"end":{"line":13,"column":7}},{"start":{"line":11,"column":13},"end":{"line":13,"column":7}}],"line":9},"1":{"loc":{"start":{"line":20,"column":6},"end":{"line":24,"column":7}},"type":"if","locations":[{"start":{"line":20,"column":6},"end":{"line":24,"column":7}},{"start":{"line":22,"column":13},"end":{"line":24,"column":7}}],"line":20},"2":{"loc":{"start":{"line":30,"column":6},"end":{"line":34,"column":7}},"type":"if","locations":[{"start":{"line":30,"column":6},"end":{"line":34,"column":7}},{"start":{"line":32,"column":13},"end":{"line":34,"column":7}}],"line":30},"3":{"loc":{"start":{"line":40,"column":6},"end":{"line":44,"column":7}},"type":"if","locations":[{"start":{"line":40,"column":6},"end":{"line":44,"column":7}},{"start":{"line":42,"column":13},"end":{"line":44,"column":7}}],"line":40}},"s":{"0":1,"1":0,"2":0,"3":0,"4":0,"5":0,"6":1,"7":0,"8":0,"9":0,"10":0,"11":0,"12":1,"13":0,"14":0,"15":0,"16":0,"17":0,"18":1,"19":0,"20":0,"21":0,"22":0,"23":0},"f":{"0":0,"1":0,"2":0,"3":0,"4":0,"5":0,"6":0,"7":0,"8":0,"9":0,"10":0,"11":0},"b":{"0":[0,0],"1":[0,0],"2":[0,0],"3":[0,0]},"_coverageSchema":"1a1c01bbd47fc00a2c39e90264f33305004495a9","hash":"413619e8e621bcf9aae8bc52f66a6ab98983367d"}
}
