TN:
SF:src\message\itemUtils.ts
FN:6,(anonymous_0)
FN:7,(anonymous_1)
FN:8,(anonymous_2)
FN:17,(anonymous_3)
FN:18,(anonymous_4)
FN:19,(anonymous_5)
FN:27,(anonymous_6)
FN:28,(anonymous_7)
FN:29,(anonymous_8)
FNF:9
FNH:2
FNDA:1,(anonymous_0)
FNDA:1,(anonymous_1)
FNDA:0,(anonymous_2)
FNDA:0,(anonymous_3)
FNDA:0,(anonymous_4)
FNDA:0,(anonymous_5)
FNDA:0,(anonymous_6)
FNDA:0,(anonymous_7)
FNDA:0,(anonymous_8)
DA:6,1
DA:7,1
DA:8,1
DA:9,0
DA:10,0
DA:12,0
DA:17,1
DA:18,0
DA:19,0
DA:20,0
DA:21,0
DA:23,0
DA:27,1
DA:28,0
DA:29,0
DA:30,0
DA:31,0
DA:33,0
LF:18
LH:5
BRDA:9,0,0,0
BRDA:9,0,1,0
BRDA:20,1,0,0
BRDA:20,1,1,0
BRDA:30,2,0,0
BRDA:30,2,1,0
BRF:6
BRH:0
end_of_record
